Unity Editor version:    2022.3.8f1 (b5eafc012955)
Branch:                  2022.3/staging
Build type:              Release
Batch mode:              YES
macOS version:           Version 12.6.6 (Build 21G646)
Darwin version:          21.6.0
Architecture:            x86_64
Running under Rosetta:   NO
Available memory:        8192 MB
Using pre-set license
Pro License: YES

COMMAND LINE ARGUMENTS:
/Applications/Unity/Unity.app/Contents/MacOS/Unity
-adb2
-batchMode
-noUpm
-name
AssetImportWorker0
-projectPath
/Users/audreytantiprasut/Documents/GitHub/Audrey/Scene Building Project - Audrey
-logFile
Logs/AssetImportWorker0.log
-srvPort
57516
Successfully changed project path to: /Users/audreytantiprasut/Documents/GitHub/Audrey/Scene Building Project - Audrey
/Users/audreytantiprasut/Documents/GitHub/Audrey/Scene Building Project - Audrey
[UnityMemory] Configuration Parameters - Can be set up in boot.config
    "memorysetup-bucket-allocator-granularity=16"
    "memorysetup-bucket-allocator-bucket-count=8"
    "memorysetup-bucket-allocator-block-size=33554432"
    "memorysetup-bucket-allocator-block-count=8"
    "memorysetup-main-allocator-block-size=16777216"
    "memorysetup-thread-allocator-block-size=16777216"
    "memorysetup-gfx-main-allocator-block-size=16777216"
    "memorysetup-gfx-thread-allocator-block-size=16777216"
    "memorysetup-cache-allocator-block-size=4194304"
    "memorysetup-typetree-allocator-block-size=2097152"
    "memorysetup-profiler-bucket-allocator-granularity=16"
    "memorysetup-profiler-bucket-allocator-bucket-count=8"
    "memorysetup-profiler-bucket-allocator-block-size=33554432"
    "memorysetup-profiler-bucket-allocator-block-count=8"
    "memorysetup-profiler-allocator-block-size=16777216"
    "memorysetup-profiler-editor-allocator-block-size=1048576"
    "memorysetup-temp-allocator-size-main=16777216"
    "memorysetup-job-temp-allocator-block-size=2097152"
    "memorysetup-job-temp-allocator-block-size-background=1048576"
    "memorysetup-job-temp-allocator-reduction-small-platforms=262144"
    "memorysetup-allocator-temp-initial-block-size-main=262144"
    "memorysetup-allocator-temp-initial-block-size-worker=262144"
    "memorysetup-temp-allocator-size-background-worker=32768"
    "memorysetup-temp-allocator-size-job-worker=262144"
    "memorysetup-temp-allocator-size-preload-manager=33554432"
    "memorysetup-temp-allocator-size-nav-mesh-worker=65536"
    "memorysetup-temp-allocator-size-audio-worker=65536"
    "memorysetup-temp-allocator-size-cloud-worker=32768"
    "memorysetup-temp-allocator-size-gi-baking-worker=262144"
    "memorysetup-temp-allocator-size-gfx=262144"
Player connection [4484589056] Host "[IP] 10.2.30.223 [Port] 0 [Flags] 2 [Guid] 4249039348 [EditorId] 4249039348 [Version] 1048832 [Id] OSXEditor(0,Audrey-MBP.local) [Debug] 1 [PackageName] OSXEditor [ProjectName] Editor" joined multi-casting on [225.0.0.222:54997]...

Player connection [4484589056] Host "[IP] 10.2.30.223 [Port] 0 [Flags] 2 [Guid] 4249039348 [EditorId] 4249039348 [Version] 1048832 [Id] OSXEditor(0,Audrey-MBP.local) [Debug] 1 [PackageName] OSXEditor [ProjectName] Editor" joined alternative multi-casting on [225.0.0.222:34997]...

[Physics::Module] Initialized MultithreadedJobDispatcher with 3 workers.
Refreshing native plugins compatible for Editor in 9.75 ms, found 2 plugins.
Preloading 0 native plugins for Editor in 0.00 ms.
Initialize engine version: 2022.3.8f1 (b5eafc012955)
[Subsystems] Discovering subsystems at path /Applications/Unity/Unity.app/Contents/Resources/UnitySubsystems
[Subsystems] Discovering subsystems at path /Users/audreytantiprasut/Documents/GitHub/Audrey/Scene Building Project - Audrey/Assets
GfxDevice: creating device client; threaded=0; jobified=0
Color LCD preferred device: Intel(R) Iris(TM) Plus Graphics 640 (low power)
Metal devices available: 1
0: Intel(R) Iris(TM) Plus Graphics 640 (low power)
Using device Intel(R) Iris(TM) Plus Graphics 640 (low power)
Initializing Metal device caps: Intel(R) Iris(TM) Plus Graphics 640
Initialize mono
Mono path[0] = '/Applications/Unity/Unity.app/Contents/Managed'
Mono path[1] = '/Applications/Unity/Unity.app/Contents/MonoBleedingEdge/lib/mono/unityjit-macos'
Mono config path = '/Applications/Unity/Unity.app/Contents/MonoBleedingEdge/etc'
Using monoOptions --debugger-agent=transport=dt_socket,embedding=1,server=y,suspend=n,address=127.0.0.1:56315
Begin MonoManager ReloadAssembly
Registering precompiled unity dll's ...
Register platform support module: /Applications/Unity/Unity.app/Contents/PlaybackEngines/MacStandaloneSupport/UnityEditor.OSXStandalone.Extensions.dll
Registered in 0.003526 seconds.
- Loaded All Assemblies, in  0.657 seconds
Native extension for OSXStandalone target not found
Mono: successfully reloaded assembly
- Finished resetting the current domain, in  0.453 seconds
Domain Reload Profiling: 1111ms
	BeginReloadAssembly (213ms)
		ExecutionOrderSort (0ms)
		DisableScriptedObjects (0ms)
		BackupInstance (0ms)
		ReleaseScriptingObjects (0ms)
		CreateAndSetChildDomain (1ms)
	RebuildCommonClasses (69ms)
	RebuildNativeTypeToScriptingClass (20ms)
	initialDomainReloadingComplete (87ms)
	LoadAllAssembliesAndSetupDomain (268ms)
		LoadAssemblies (214ms)
		RebuildTransferFunctionScriptingTraits (0ms)
		AnalyzeDomain (264ms)
			TypeCache.Refresh (261ms)
				TypeCache.ScanAssembly (242ms)
			ScanForSourceGeneratedMonoScriptInfo (0ms)
			ResolveRequiredComponents (1ms)
	FinalizeReload (454ms)
		ReleaseScriptCaches (0ms)
		RebuildScriptCaches (0ms)
		SetupLoadedEditorAssemblies (354ms)
			LogAssemblyErrors (0ms)
			InitializePlatformSupportModulesInManaged (19ms)
			SetLoadedEditorAssemblies (12ms)
			RefreshPlugins (0ms)
			BeforeProcessingInitializeOnLoad (3ms)
			ProcessInitializeOnLoadAttributes (233ms)
			ProcessInitializeOnLoadMethodAttributes (87ms)
			AfterProcessingInitializeOnLoad (0ms)
			EditorAssembliesLoaded (0ms)
		ExecutionOrderSort2 (0ms)
		AwakeInstancesAfterBackupRestoration (0ms)
========================================================================
Worker process is ready to serve import requests
Begin MonoManager ReloadAssembly
- Loaded All Assemblies, in  0.810 seconds
Refreshing native plugins compatible for Editor in 0.67 ms, found 2 plugins.
Native extension for OSXStandalone target not found
Package Manager log level set to [2]
[Package Manager] Server::EnsureServerProcessIsRunning -- launch failed, reason: Unity was launched with the -noUpm command-line argument
[Package Manager] UpmClient::Send -- Unable to send message (not connected to UPM process).
[Package Manager] Cannot connect to Unity Package Manager local server
Mono: successfully reloaded assembly
- Finished resetting the current domain, in  0.849 seconds
Domain Reload Profiling: 1659ms
	BeginReloadAssembly (228ms)
		ExecutionOrderSort (0ms)
		DisableScriptedObjects (10ms)
		BackupInstance (0ms)
		ReleaseScriptingObjects (0ms)
		CreateAndSetChildDomain (49ms)
	RebuildCommonClasses (65ms)
	RebuildNativeTypeToScriptingClass (19ms)
	initialDomainReloadingComplete (64ms)
	LoadAllAssembliesAndSetupDomain (434ms)
		LoadAssemblies (386ms)
		RebuildTransferFunctionScriptingTraits (0ms)
		AnalyzeDomain (157ms)
			TypeCache.Refresh (135ms)
				TypeCache.ScanAssembly (116ms)
			ScanForSourceGeneratedMonoScriptInfo (14ms)
			ResolveRequiredComponents (4ms)
	FinalizeReload (849ms)
		ReleaseScriptCaches (0ms)
		RebuildScriptCaches (0ms)
		SetupLoadedEditorAssemblies (598ms)
			LogAssemblyErrors (0ms)
			InitializePlatformSupportModulesInManaged (7ms)
			SetLoadedEditorAssemblies (5ms)
			RefreshPlugins (0ms)
			BeforeProcessingInitializeOnLoad (60ms)
			ProcessInitializeOnLoadAttributes (491ms)
			ProcessInitializeOnLoadMethodAttributes (34ms)
			AfterProcessingInitializeOnLoad (1ms)
			EditorAssembliesLoaded (0ms)
		ExecutionOrderSort2 (0ms)
		AwakeInstancesAfterBackupRestoration (6ms)
Launching external process: /Applications/Unity/Unity.app/Contents/Tools/UnityShaderCompiler
Launched and connected shader compiler UnityShaderCompiler after 0.09 seconds
Refreshing native plugins compatible for Editor in 0.69 ms, found 2 plugins.
Preloading 0 native plugins for Editor in 0.00 ms.
Unloading 1522 Unused Serialized files (Serialized files now loaded: 0)
Unloading 33 unused Assets / (1.3 MB). Loaded Objects now: 1983.
Memory consumption went from 181.2 MB to 179.9 MB.
Total: 4.991093 ms (FindLiveObjects: 0.211624 ms CreateObjectMapping: 0.159446 ms MarkObjects: 4.237390 ms  DeleteObjects: 0.379836 ms)

AssetImportParameters requested are different than current active one (requested -> active):
  custom:video-encoder-webm-vp8: eb34c28f22e8b96e1ab97ce403110664 -> 
  custom:video-decoder-webm-vp8: 9c59270c3fd7afecdb556c50c9e8de78 -> 
  custom:audio-decoder-ogg-vorbis: bf7c407c2cedff20999df2af8eb42d56 -> 
  custom:SearchIndexIgnoredProperties: e643bd26f0fe6173181afceb89e7c659 -> 
  custom:container-demuxer-ogg: 62fdf1f143b41e24485cea50d1cbac27 -> 
  custom:AudioImporter_EditorPlatform: 3918e3fc78b5a79bad01e8451be0beb8 -> 
  custom:CustomObjectIndexerAttribute: 756ad292c208cfabdd7b50bc23989ffe -> 
  custom:container-demuxer-webm: 4f35f7cbe854078d1ac9338744f61a02 -> 
  custom:video-decoder-ogg-theora: a1e56fd34408186e4bbccfd4996cb3dc -> 
  custom:audio-encoder-webm-vorbis: bf7c407c2cedff20999df2af8eb42d56 -> 
  custom:framework-osx-AVFoundation: e770b220cccbd017edd2c1fefb359320 -> 
  custom:container-muxer-webm: aa71ff27fc2769a1b78a27578f13a17b -> 
========================================================================
Received Import Request.
  Time since last request: 102350.364128 seconds.
  path: Assets/Texture_Me/Grass Forest Twilight - Free 'Texture A' (Hand-Painted)
  artifactKey: Guid(deff3068a76ff4d11bca8cfaafc567dd) Importer(815301076,1909f56bfc062723c751e8b465ee728b)
Start importing Assets/Texture_Me/Grass Forest Twilight - Free 'Texture A' (Hand-Painted) using Guid(deff3068a76ff4d11bca8cfaafc567dd) Importer(815301076,1909f56bfc062723c751e8b465ee728b)  -> (artifact id: '71bbd77a30ec1d42e020070688e5cf5f') in 0.001898 seconds
Number of updated asset objects reloaded before import = 0
Number of asset objects unloaded after import = 0
========================================================================
Received Import Request.
  Time since last request: 0.000063 seconds.
  path: Assets/Texture_Me/Grass Forest Twilight - Free 'Texture A' (Hand-Painted)/Materials/floor 16.mat
  artifactKey: Guid(0e1c5a3e323e9fb41b140e491c3784fd) Importer(815301076,1909f56bfc062723c751e8b465ee728b)
Start importing Assets/Texture_Me/Grass Forest Twilight - Free 'Texture A' (Hand-Painted)/Materials/floor 16.mat using Guid(0e1c5a3e323e9fb41b140e491c3784fd) Importer(815301076,1909f56bfc062723c751e8b465ee728b)  -> (artifact id: '1b08c514f8c13b1bdb70d914cd41a66a') in 0.412314 seconds
Number of updated asset objects reloaded before import = 0
Number of asset objects unloaded after import = 2
========================================================================
Received Import Request.
  Time since last request: 0.000105 seconds.
  path: Assets/Texture_Me/Grass Forest Twilight - Free 'Texture A' (Hand-Painted)/Textures/floor 16.png
  artifactKey: Guid(b607940200e85c7448b1d3c17edcaa61) Importer(815301076,1909f56bfc062723c751e8b465ee728b)
Start importing Assets/Texture_Me/Grass Forest Twilight - Free 'Texture A' (Hand-Painted)/Textures/floor 16.png using Guid(b607940200e85c7448b1d3c17edcaa61) Importer(815301076,1909f56bfc062723c751e8b465ee728b)  -> (artifact id: 'fcaa3d511e856097a85a886acf8343ae') in 0.040460 seconds
Number of updated asset objects reloaded before import = 0
Number of asset objects unloaded after import = 2
========================================================================
Received Import Request.
  Time since last request: 0.000069 seconds.
  path: Assets/Texture_Me/Grass Forest Twilight - Free 'Texture A' (Hand-Painted)/Materials
  artifactKey: Guid(0e8c7fdfcd37540d38f2847f10f0ee56) Importer(815301076,1909f56bfc062723c751e8b465ee728b)
Start importing Assets/Texture_Me/Grass Forest Twilight - Free 'Texture A' (Hand-Painted)/Materials using Guid(0e8c7fdfcd37540d38f2847f10f0ee56) Importer(815301076,1909f56bfc062723c751e8b465ee728b)  -> (artifact id: '5e3356cee52a978fa2a9e4ca5afb233e') in 0.000642 seconds
Number of updated asset objects reloaded before import = 0
Number of asset objects unloaded after import = 0
========================================================================
Received Import Request.
  Time since last request: 11.695201 seconds.
  path: Assets/Texture_Me/Grass Forest Twilight - Free 'Texture A' (Hand-Painted)/Textures/README.txt
  artifactKey: Guid(0877167140f95b9408029c32989b1eda) Importer(815301076,1909f56bfc062723c751e8b465ee728b)
Start importing Assets/Texture_Me/Grass Forest Twilight - Free 'Texture A' (Hand-Painted)/Textures/README.txt using Guid(0877167140f95b9408029c32989b1eda) Importer(815301076,1909f56bfc062723c751e8b465ee728b)  -> (artifact id: 'adc592285f1b5be7b1520ef16dff8058') in 0.001083 seconds
Number of updated asset objects reloaded before import = 0
Number of asset objects unloaded after import = 1
========================================================================
Received Import Request.
  Time since last request: 978.476666 seconds.
  path: Assets/Materials/New Material 5.mat
  artifactKey: Guid(58ec577b12105461298d12964b53bb50) Importer(815301076,1909f56bfc062723c751e8b465ee728b)
Start importing Assets/Materials/New Material 5.mat using Guid(58ec577b12105461298d12964b53bb50) Importer(815301076,1909f56bfc062723c751e8b465ee728b)  -> (artifact id: 'fe6c5c16295b70ba746a5945f9134a81') in 0.066221 seconds
Number of updated asset objects reloaded before import = 0
Number of asset objects unloaded after import = 1
========================================================================
Received Import Request.
  Time since last request: 161.085741 seconds.
  path: Assets/Materials/cave.mat
  artifactKey: Guid(e112d2c905d6a4bcc8f4c125f32281ac) Importer(815301076,1909f56bfc062723c751e8b465ee728b)
Start importing Assets/Materials/cave.mat using Guid(e112d2c905d6a4bcc8f4c125f32281ac) Importer(815301076,1909f56bfc062723c751e8b465ee728b)  -> (artifact id: '047cfa3e1e827c26fd1537b4fd3b9a38') in 0.011084 seconds
Number of updated asset objects reloaded before import = 0
Number of asset objects unloaded after import = 1
========================================================================
Received Import Request.
  Time since last request: 7.592863 seconds.
  path: Assets/Materials/top tree.mat
  artifactKey: Guid(d0b62e58ca9f94939b0bcf90b2939714) Importer(815301076,1909f56bfc062723c751e8b465ee728b)
Start importing Assets/Materials/top tree.mat using Guid(d0b62e58ca9f94939b0bcf90b2939714) Importer(815301076,1909f56bfc062723c751e8b465ee728b)  -> (artifact id: '3f01590f69783e8cb761908aaaa2b919') in 0.013801 seconds
Number of updated asset objects reloaded before import = 0
Number of asset objects unloaded after import = 2
========================================================================
Received Import Request.
  Time since last request: 16.884872 seconds.
  path: Assets/Materials/floor tree.mat
  artifactKey: Guid(6ff49d6f22b924b19bca3011f99d0e27) Importer(815301076,1909f56bfc062723c751e8b465ee728b)
Start importing Assets/Materials/floor tree.mat using Guid(6ff49d6f22b924b19bca3011f99d0e27) Importer(815301076,1909f56bfc062723c751e8b465ee728b)  -> (artifact id: 'caee25a54d641fa17781c14ced1b25e5') in 0.017302 seconds
Number of updated asset objects reloaded before import = 0
Number of asset objects unloaded after import = 3
========================================================================
Received Import Request.
  Time since last request: 6.794177 seconds.
  path: Assets/Materials/bush.mat
  artifactKey: Guid(23235a7af682a4479b187d617f167bbf) Importer(815301076,1909f56bfc062723c751e8b465ee728b)
Start importing Assets/Materials/bush.mat using Guid(23235a7af682a4479b187d617f167bbf) Importer(815301076,1909f56bfc062723c751e8b465ee728b)  -> (artifact id: 'b6e13eefd49e7b9961421c8273e4497f') in 0.014842 seconds
Number of updated asset objects reloaded before import = 0
Number of asset objects unloaded after import = 1
========================================================================
Received Import Request.
  Time since last request: 7.840069 seconds.
  path: Assets/Materials/plant.mat
  artifactKey: Guid(b8219a811ed7e4bba8dc7c0af4b4b7c9) Importer(815301076,1909f56bfc062723c751e8b465ee728b)
Start importing Assets/Materials/plant.mat using Guid(b8219a811ed7e4bba8dc7c0af4b4b7c9) Importer(815301076,1909f56bfc062723c751e8b465ee728b)  -> (artifact id: 'c91de7f4d2d952538cdb78eb3e0bf13c') in 0.011281 seconds
Number of updated asset objects reloaded before import = 0
Number of asset objects unloaded after import = 1
========================================================================
Received Import Request.
  Time since last request: 14.416467 seconds.
  path: Assets/Materials/below ground rock.mat
  artifactKey: Guid(58ec577b12105461298d12964b53bb50) Importer(815301076,1909f56bfc062723c751e8b465ee728b)
Start importing Assets/Materials/below ground rock.mat using Guid(58ec577b12105461298d12964b53bb50) Importer(815301076,1909f56bfc062723c751e8b465ee728b)  -> (artifact id: '2c47bfd375790064c3e83137937861d7') in 0.013112 seconds
Number of updated asset objects reloaded before import = 0
Number of asset objects unloaded after import = 1
========================================================================
Received Import Request.
  Time since last request: 7.961672 seconds.
  path: Assets/Materials/original floor.mat
  artifactKey: Guid(f9db4d7f9a5b1498f95ffc31f4c7d89d) Importer(815301076,1909f56bfc062723c751e8b465ee728b)
Start importing Assets/Materials/original floor.mat using Guid(f9db4d7f9a5b1498f95ffc31f4c7d89d) Importer(815301076,1909f56bfc062723c751e8b465ee728b)  -> (artifact id: 'babb80b7a4fe4c91fdec7aa794a452e3') in 0.015055 seconds
Number of updated asset objects reloaded before import = 0
Number of asset objects unloaded after import = 1
========================================================================
Received Import Request.
  Time since last request: 4.364647 seconds.
  path: Assets/Materials/Shaders/Cliff_1.mat
  artifactKey: Guid(b8d1412c000974eb99602c870d3d7719) Importer(815301076,1909f56bfc062723c751e8b465ee728b)
Start importing Assets/Materials/Shaders/Cliff_1.mat using Guid(b8d1412c000974eb99602c870d3d7719) Importer(815301076,1909f56bfc062723c751e8b465ee728b)  -> (artifact id: '1503065b9232cd3c72a9ebf95e170e2d') in 0.013133 seconds
Number of updated asset objects reloaded before import = 0
Number of asset objects unloaded after import = 1
========================================================================
Received Import Request.
  Time since last request: 0.000150 seconds.
  path: Assets/Materials/Shaders/Pathway.mat
  artifactKey: Guid(36b5a284168014a50b16b71958880126) Importer(815301076,1909f56bfc062723c751e8b465ee728b)
Start importing Assets/Materials/Shaders/Pathway.mat using Guid(36b5a284168014a50b16b71958880126) Importer(815301076,1909f56bfc062723c751e8b465ee728b)  -> (artifact id: '2892134c7a15a23bd0ef291adf5627e1') in 0.010478 seconds
Number of updated asset objects reloaded before import = 0
Number of asset objects unloaded after import = 1
========================================================================
Received Import Request.
  Time since last request: 0.000117 seconds.
  path: Assets/Materials/Shaders/Cliff_2.mat
  artifactKey: Guid(b5a9cc5cbf04d4762b6fe8638e209f5d) Importer(815301076,1909f56bfc062723c751e8b465ee728b)
Start importing Assets/Materials/Shaders/Cliff_2.mat using Guid(b5a9cc5cbf04d4762b6fe8638e209f5d) Importer(815301076,1909f56bfc062723c751e8b465ee728b)  -> (artifact id: 'fc319007853538b51d9bc617d6617e67') in 0.025166 seconds
Number of updated asset objects reloaded before import = 0
Number of asset objects unloaded after import = 1
========================================================================
Received Import Request.
  Time since last request: 0.000881 seconds.
  path: Assets/Materials/Shaders/Grass.mat
  artifactKey: Guid(ed8431b3a022b45358e04428b4348fa3) Importer(815301076,1909f56bfc062723c751e8b465ee728b)
Start importing Assets/Materials/Shaders/Grass.mat using Guid(ed8431b3a022b45358e04428b4348fa3) Importer(815301076,1909f56bfc062723c751e8b465ee728b)  -> (artifact id: '2d8ed062cc75f697ab0aa0fa3d0734e8') in 0.013551 seconds
Number of updated asset objects reloaded before import = 0
Number of asset objects unloaded after import = 1
========================================================================
Received Import Request.
  Time since last request: 0.000402 seconds.
  path: Assets/Materials/Shaders/Ground.mat
  artifactKey: Guid(a4d620fce589e499a98912f28f5b4ec7) Importer(815301076,1909f56bfc062723c751e8b465ee728b)
Start importing Assets/Materials/Shaders/Ground.mat using Guid(a4d620fce589e499a98912f28f5b4ec7) Importer(815301076,1909f56bfc062723c751e8b465ee728b)  -> (artifact id: '67fe113e70eb438663601f77a667bd63') in 0.016815 seconds
Number of updated asset objects reloaded before import = 0
Number of asset objects unloaded after import = 1
========================================================================
Received Import Request.
  Time since last request: 4.000047 seconds.
  path: Assets/Materials/Shaders/Cloud.shader
  artifactKey: Guid(13a28cac7ac76004888ec46e06566663) Importer(815301076,1909f56bfc062723c751e8b465ee728b)
Start importing Assets/Materials/Shaders/Cloud.shader using Guid(13a28cac7ac76004888ec46e06566663) Importer(815301076,1909f56bfc062723c751e8b465ee728b)  -> (artifact id: '3fb3488586b5b6bfea6b7c248beed743') in 0.000965 seconds
Number of updated asset objects reloaded before import = 0
Number of asset objects unloaded after import = 0
========================================================================
Received Import Request.
  Time since last request: 0.961389 seconds.
  path: Assets/Materials/Shaders/Diffuse.shader
  artifactKey: Guid(f52b933c3edc98048a47bbfae5f9edf4) Importer(815301076,1909f56bfc062723c751e8b465ee728b)
Start importing Assets/Materials/Shaders/Diffuse.shader using Guid(f52b933c3edc98048a47bbfae5f9edf4) Importer(815301076,1909f56bfc062723c751e8b465ee728b)  -> (artifact id: '18270ac4b1d2e6c0f8b61c61ce7271cd') in 0.000792 seconds
Number of updated asset objects reloaded before import = 0
Number of asset objects unloaded after import = 0
========================================================================
Received Prepare
Begin MonoManager ReloadAssembly
- Loaded All Assemblies, in  0.522 seconds
Refreshing native plugins compatible for Editor in 0.62 ms, found 2 plugins.
Native extension for OSXStandalone target not found
[Package Manager] Server::EnsureServerProcessIsRunning -- launch failed, reason: Unity was launched with the -noUpm command-line argument
[Package Manager] UpmClient::Send -- Unable to send message (not connected to UPM process).
[Package Manager] Cannot connect to Unity Package Manager local server
Mono: successfully reloaded assembly
- Finished resetting the current domain, in  1.314 seconds
Domain Reload Profiling: 1837ms
	BeginReloadAssembly (191ms)
		ExecutionOrderSort (0ms)
		DisableScriptedObjects (7ms)
		BackupInstance (0ms)
		ReleaseScriptingObjects (0ms)
		CreateAndSetChildDomain (62ms)
	RebuildCommonClasses (55ms)
	RebuildNativeTypeToScriptingClass (17ms)
	initialDomainReloadingComplete (34ms)
	LoadAllAssembliesAndSetupDomain (225ms)
		LoadAssemblies (296ms)
		RebuildTransferFunctionScriptingTraits (0ms)
		AnalyzeDomain (13ms)
			TypeCache.Refresh (7ms)
				TypeCache.ScanAssembly (0ms)
			ScanForSourceGeneratedMonoScriptInfo (0ms)
			ResolveRequiredComponents (4ms)
	FinalizeReload (1315ms)
		ReleaseScriptCaches (0ms)
		RebuildScriptCaches (0ms)
		SetupLoadedEditorAssemblies (609ms)
			LogAssemblyErrors (0ms)
			InitializePlatformSupportModulesInManaged (8ms)
			SetLoadedEditorAssemblies (6ms)
			RefreshPlugins (0ms)
			BeforeProcessingInitializeOnLoad (67ms)
			ProcessInitializeOnLoadAttributes (496ms)
			ProcessInitializeOnLoadMethodAttributes (32ms)
			AfterProcessingInitializeOnLoad (1ms)
			EditorAssembliesLoaded (0ms)
		ExecutionOrderSort2 (0ms)
		AwakeInstancesAfterBackupRestoration (8ms)
Refreshing native plugins compatible for Editor in 0.96 ms, found 2 plugins.
Preloading 0 native plugins for Editor in 0.00 ms.
Unloading 1484 Unused Serialized files (Serialized files now loaded: 0)
Unloading 27 unused Assets / (1.3 MB). Loaded Objects now: 2030.
Memory consumption went from 178.6 MB to 177.3 MB.
Total: 5.556057 ms (FindLiveObjects: 0.266442 ms CreateObjectMapping: 0.094003 ms MarkObjects: 4.867684 ms  DeleteObjects: 0.325774 ms)

Prepare: number of updated asset objects reloaded= 0
AssetImportParameters requested are different than current active one (requested -> active):
  custom:video-encoder-webm-vp8: eb34c28f22e8b96e1ab97ce403110664 -> 
  custom:video-decoder-webm-vp8: 9c59270c3fd7afecdb556c50c9e8de78 -> 
  custom:audio-decoder-ogg-vorbis: bf7c407c2cedff20999df2af8eb42d56 -> 
  custom:SearchIndexIgnoredProperties: e643bd26f0fe6173181afceb89e7c659 -> 
  custom:container-demuxer-ogg: 62fdf1f143b41e24485cea50d1cbac27 -> 
  custom:AudioImporter_EditorPlatform: 3918e3fc78b5a79bad01e8451be0beb8 -> 
  custom:CustomObjectIndexerAttribute: 756ad292c208cfabdd7b50bc23989ffe -> 
  custom:container-demuxer-webm: 4f35f7cbe854078d1ac9338744f61a02 -> 
  custom:video-decoder-ogg-theora: a1e56fd34408186e4bbccfd4996cb3dc -> 
  custom:audio-encoder-webm-vorbis: bf7c407c2cedff20999df2af8eb42d56 -> 
  custom:framework-osx-AVFoundation: e770b220cccbd017edd2c1fefb359320 -> 
  custom:container-muxer-webm: aa71ff27fc2769a1b78a27578f13a17b -> 
